<?xml version="1.0" encoding="UTF-8"?>
<!-- Generated by org.testng.reporters.JUnitXMLReporter -->
<testsuite ignored="6" hostname="LAPTOP-DV541TO5" failures="0" tests="3" name="Test1" time="10.104" errors="0" timestamp="2022-06-12T15:59:06 IST">
  <testcase classname="com.Vtiger.generic.BaseClass" name="@BeforeMethod login" time="0.003">
    <failure type="java.lang.NullPointerException">
      <![CDATA[java.lang.NullPointerException
at org.openqa.selenium.support.pagefactory.DefaultElementLocator.findElement(DefaultElementLocator.java:70)
at org.openqa.selenium.support.pagefactory.internal.LocatingElementHandler.invoke(LocatingElementHandler.java:39)
at com.sun.proxy.$Proxy16.sendKeys(Unknown Source)
at com.Vtiger.ObjectRepo.LoginPage.logintoApp(LoginPage.java:46)
at com.Vtiger.generic.BaseClass.login(BaseClass.java:74)
at java.base/java.util.concurrent.ThreadPoolExecutor.runWorker(ThreadPoolExecutor.java:1128)
at java.base/java.util.concurrent.ThreadPoolExecutor$Worker.run(ThreadPoolExecutor.java:628)
at java.base/java.lang.Thread.run(Thread.java:834)
... Removed 16 stack frames]]>
    </failure>
  </testcase> <!-- @BeforeMethod login -->
  <testcase classname="com.Vtiger.generic.BaseClass" name="@AfterMethod logout" time="-1.655029736296E9">
    <skipped/>
  </testcase> <!-- @AfterMethod logout -->
  <testcase classname="com.Vtiger.generic.BaseClass" name="@BeforeMethod login" time="0.027">
    <failure type="java.lang.NullPointerException">
      <![CDATA[java.lang.NullPointerException
at org.openqa.selenium.support.pagefactory.DefaultElementLocator.findElement(DefaultElementLocator.java:70)
at org.openqa.selenium.support.pagefactory.internal.LocatingElementHandler.invoke(LocatingElementHandler.java:39)
at com.sun.proxy.$Proxy16.sendKeys(Unknown Source)
at com.Vtiger.ObjectRepo.LoginPage.logintoApp(LoginPage.java:46)
at com.Vtiger.generic.BaseClass.login(BaseClass.java:74)
at java.base/java.util.concurrent.ThreadPoolExecutor.runWorker(ThreadPoolExecutor.java:1128)
at java.base/java.util.concurrent.ThreadPoolExecutor$Worker.run(ThreadPoolExecutor.java:628)
at java.base/java.lang.Thread.run(Thread.java:834)
... Removed 16 stack frames]]>
    </failure>
  </testcase> <!-- @BeforeMethod login -->
  <testcase classname="com.Vtiger.generic.BaseClass" name="@BeforeMethod login" time="0.003">
    <failure type="java.lang.NullPointerException">
      <![CDATA[java.lang.NullPointerException
at org.openqa.selenium.support.pagefactory.DefaultElementLocator.findElement(DefaultElementLocator.java:70)
at org.openqa.selenium.support.pagefactory.internal.LocatingElementHandler.invoke(LocatingElementHandler.java:39)
at com.sun.proxy.$Proxy16.sendKeys(Unknown Source)
at com.Vtiger.ObjectRepo.LoginPage.logintoApp(LoginPage.java:46)
at com.Vtiger.generic.BaseClass.login(BaseClass.java:74)
at java.base/java.util.concurrent.ThreadPoolExecutor.runWorker(ThreadPoolExecutor.java:1128)
at java.base/java.util.concurrent.ThreadPoolExecutor$Worker.run(ThreadPoolExecutor.java:628)
at java.base/java.lang.Thread.run(Thread.java:834)
... Removed 16 stack frames]]>
    </failure>
  </testcase> <!-- @BeforeMethod login -->
  <testcase classname="com.Vtiger.generic.BaseClass" name="@AfterMethod logout" time="-1.655029736339E9">
    <skipped/>
  </testcase> <!-- @AfterMethod logout -->
  <testcase classname="com.Vtiger.generic.BaseClass" name="@AfterMethod logout" time="-1.655029736358E9">
    <skipped/>
  </testcase> <!-- @AfterMethod logout -->
  <testcase classname="com.Vtiger.generic.BaseClass" name="@AfterTest closeBrowser" time="10.003">
    <failure type="java.lang.NullPointerException">
      <![CDATA[java.lang.NullPointerException
at com.Vtiger.generic.BaseClass.closeBrowser(BaseClass.java:94)
... Removed 24 stack frames]]>
    </failure>
  </testcase> <!-- @AfterTest closeBrowser -->
  <testcase classname="com.Vtiger.TestCases.TC01_CreateOrg_with_Testng" name="createorg" time="0.0">
    <skipped/>
  </testcase> <!-- createorg -->
  <testcase classname="com.Vtiger.TestCases.TC02_CreateOrg_DD_with_Testng" name="createorg_dd" time="0.0">
    <skipped/>
  </testcase> <!-- createorg_dd -->
  <testcase classname="com.Vtiger.TestCases.TC03_CreateContact_with_Testng" name="createcontact_org" time="0.0">
    <skipped/>
  </testcase> <!-- createcontact_org -->
  <testcase classname="com.Vtiger.generic.BaseClass" name="@BeforeSuite connecttoDB" time="0.0">
    <ignored/>
  </testcase> <!-- @BeforeSuite connecttoDB -->
  <testcase classname="com.Vtiger.generic.BaseClass" name="@BeforeSuite connecttoDB" time="0.0">
    <ignored/>
  </testcase> <!-- @BeforeSuite connecttoDB -->
  <testcase classname="com.Vtiger.generic.BaseClass" name="@AfterSuite disConnectDB" time="0.0">
    <ignored/>
  </testcase> <!-- @AfterSuite disConnectDB -->
  <testcase classname="com.Vtiger.generic.BaseClass" name="@AfterSuite disConnectDB" time="0.0">
    <ignored/>
  </testcase> <!-- @AfterSuite disConnectDB -->
  <testcase classname="com.Vtiger.generic.BaseClass" name="@AfterTest closeBrowser" time="0.0">
    <ignored/>
  </testcase> <!-- @AfterTest closeBrowser -->
  <testcase classname="com.Vtiger.generic.BaseClass" name="@AfterTest closeBrowser" time="0.0">
    <ignored/>
  </testcase> <!-- @AfterTest closeBrowser -->
</testsuite> <!-- Test1 -->
